# JRE version: OpenJDK Runtime Environment Temurin-17.0.11+9 (17.0.11+9) (build 17.0.11+9)
# Java VM: OpenJDK 64-Bit Server VM Temurin-17.0.11+9 (17.0.11+9, mixed mode, tiered, compressed oops, compressed class ptrs, g1 gc, windows-amd64)
GC Precious Log:
 CPUs: 8 total, 8 available
 Memory: 16323M
 Large Page Support: Disabled
 NUMA Support: Disabled
 Compressed Oops: Enabled (Zero based)
 Heap Region Size: 2M
 Heap Min Capacity: 8M
 Heap Initial Capacity: 256M
 Heap Max Capacity: 4082M
 Pre-touch: Disabled
 Parallel Workers: 8
 Concurrent Workers: 2
 Concurrent Refinement Workers: 8
 Periodic GC: Disabled
Heap:
 garbage-first heap   total 155648K, used 52048K [0x0000000700e00000, 0x0000000800000000)
  region size 2048K, 18 young (36864K), 1 survivors (2048K)
 Metaspace       used 44455K, committed 44864K, reserved 1114112K
  class space    used 5615K, committed 5824K, reserved 1048576K
GC Heap History (20 events):
Event: 1.772 GC heap before
{Heap before GC invocations=2 (full 0):
 garbage-first heap   total 262144K, used 39112K [0x0000000700e00000, 0x0000000800000000)
  region size 2048K, 17 young (34816K), 2 survivors (4096K)
 Metaspace       used 21353K, committed 21504K, reserved 1114112K
  class space    used 2614K, committed 2688K, reserved 1048576K
}
Event: 1.775 GC heap after
{Heap after GC invocations=3 (full 0):
 garbage-first heap   total 262144K, used 11661K [0x0000000700e00000, 0x0000000800000000)
  region size 2048K, 2 young (4096K), 2 survivors (4096K)
 Metaspace       used 21353K, committed 21504K, reserved 1114112K
  class space    used 2614K, committed 2688K, reserved 1048576K
}
Event: 2.288 GC heap before
{Heap before GC invocations=4 (full 0):
 garbage-first heap   total 49152K, used 34189K [0x0000000700e00000, 0x0000000800000000)
  region size 2048K, 14 young (28672K), 2 survivors (4096K)
 Metaspace       used 26375K, committed 26688K, reserved 1114112K
  class space    used 3236K, committed 3392K, reserved 1048576K
}
Event: 2.293 GC heap after
{Heap after GC invocations=5 (full 0):
 garbage-first heap   total 49152K, used 13422K [0x0000000700e00000, 0x0000000800000000)
  region size 2048K, 2 young (4096K), 2 survivors (4096K)
 Metaspace       used 26375K, committed 26688K, reserved 1114112K
  class space    used 3236K, committed 3392K, reserved 1048576K
}
Event: 2.339 GC heap before
{Heap before GC invocations=5 (full 0):
 garbage-first heap   total 49152K, used 15470K [0x0000000700e00000, 0x0000000800000000)
  region size 2048K, 3 young (6144K), 2 survivors (4096K)
 Metaspace       used 26571K, committed 26880K, reserved 1114112K
  class space    used 3248K, committed 3392K, reserved 1048576K
}
Event: 2.344 GC heap after
{Heap after GC invocations=6 (full 0):
 garbage-first heap   total 49152K, used 13372K [0x0000000700e00000, 0x0000000800000000)
  region size 2048K, 1 young (2048K), 1 survivors (2048K)
 Metaspace       used 26571K, committed 26880K, reserved 1114112K
  class space    used 3248K, committed 3392K, reserved 1048576K
}
Event: 2.776 GC heap before
{Heap before GC invocations=6 (full 0):
 garbage-first heap   total 49152K, used 29756K [0x0000000700e00000, 0x0000000800000000)
  region size 2048K, 9 young (18432K), 1 survivors (2048K)
 Metaspace       used 28335K, committed 28608K, reserved 1114112K
  class space    used 3425K, committed 3584K, reserved 1048576K
}
Event: 2.779 GC heap after
{Heap after GC invocations=7 (full 0):
 garbage-first heap   total 49152K, used 14540K [0x0000000700e00000, 0x0000000800000000)
  region size 2048K, 1 young (2048K), 1 survivors (2048K)
 Metaspace       used 28335K, committed 28608K, reserved 1114112K
  class space    used 3425K, committed 3584K, reserved 1048576K
}
Event: 3.106 GC heap before
{Heap before GC invocations=7 (full 0):
 garbage-first heap   total 49152K, used 30924K [0x0000000700e00000, 0x0000000800000000)
  region size 2048K, 9 young (18432K), 1 survivors (2048K)
 Metaspace       used 29734K, committed 30016K, reserved 1114112K
  class space    used 3592K, committed 3712K, reserved 1048576K
}
Event: 3.109 GC heap after
{Heap after GC invocations=8 (full 0):
 garbage-first heap   total 49152K, used 15395K [0x0000000700e00000, 0x0000000800000000)
  region size 2048K, 2 young (4096K), 2 survivors (4096K)
 Metaspace       used 29734K, committed 30016K, reserved 1114112K
  class space    used 3592K, committed 3712K, reserved 1048576K
}
Event: 3.615 GC heap before
{Heap before GC invocations=8 (full 0):
 garbage-first heap   total 49152K, used 31779K [0x0000000700e00000, 0x0000000800000000)
  region size 2048K, 10 young (20480K), 2 survivors (4096K)
 Metaspace       used 32072K, committed 32384K, reserved 1114112K
  class space    used 3881K, committed 4032K, reserved 1048576K
}
Event: 3.621 GC heap after
{Heap after GC invocations=9 (full 0):
 garbage-first heap   total 49152K, used 16278K [0x0000000700e00000, 0x0000000800000000)
  region size 2048K, 1 young (2048K), 1 survivors (2048K)
 Metaspace       used 32072K, committed 32384K, reserved 1114112K
  class space    used 3881K, committed 4032K, reserved 1048576K
}
Event: 4.019 GC heap before
{Heap before GC invocations=9 (full 0):
 garbage-first heap   total 49152K, used 32662K [0x0000000700e00000, 0x0000000800000000)
  region size 2048K, 9 young (18432K), 1 survivors (2048K)
 Metaspace       used 34222K, committed 34560K, reserved 1114112K
  class space    used 4272K, committed 4416K, reserved 1048576K
}
Event: 4.023 GC heap after
{Heap after GC invocations=10 (full 0):
 garbage-first heap   total 49152K, used 16852K [0x0000000700e00000, 0x0000000800000000)
  region size 2048K, 2 young (4096K), 2 survivors (4096K)
 Metaspace       used 34222K, committed 34560K, reserved 1114112K
  class space    used 4272K, committed 4416K, reserved 1048576K
}
Event: 4.312 GC heap before
{Heap before GC invocations=10 (full 0):
 garbage-first heap   total 49152K, used 27092K [0x0000000700e00000, 0x0000000800000000)
  region size 2048K, 8 young (16384K), 2 survivors (4096K)
 Metaspace       used 35782K, committed 36096K, reserved 1114112K
  class space    used 4490K, committed 4672K, reserved 1048576K
}
Event: 4.316 GC heap after
{Heap after GC invocations=11 (full 0):
 garbage-first heap   total 49152K, used 17793K [0x0000000700e00000, 0x0000000800000000)
  region size 2048K, 2 young (4096K), 2 survivors (4096K)
 Metaspace       used 35782K, committed 36096K, reserved 1114112K
  class space    used 4490K, committed 4672K, reserved 1048576K
}
Event: 4.695 GC heap before
{Heap before GC invocations=12 (full 0):
 garbage-first heap   total 49152K, used 34177K [0x0000000700e00000, 0x0000000800000000)
  region size 2048K, 10 young (20480K), 2 survivors (4096K)
 Metaspace       used 38270K, committed 38656K, reserved 1114112K
  class space    used 4880K, committed 5056K, reserved 1048576K
}
Event: 4.700 GC heap after
{Heap after GC invocations=13 (full 0):
 garbage-first heap   total 49152K, used 19245K [0x0000000700e00000, 0x0000000800000000)
  region size 2048K, 2 young (4096K), 2 survivors (4096K)
 Metaspace       used 38270K, committed 38656K, reserved 1114112K
  class space    used 4880K, committed 5056K, reserved 1048576K
}
Event: 4.744 GC heap before
{Heap before GC invocations=13 (full 0):
 garbage-first heap   total 49152K, used 21293K [0x0000000700e00000, 0x0000000800000000)
  region size 2048K, 3 young (6144K), 2 survivors (4096K)
 Metaspace       used 38464K, committed 38848K, reserved 1114112K
  class space    used 4923K, committed 5120K, reserved 1048576K
}
Event: 4.751 GC heap after
{Heap after GC invocations=14 (full 0):
 garbage-first heap   total 155648K, used 19280K [0x0000000700e00000, 0x0000000800000000)
  region size 2048K, 1 young (2048K), 1 survivors (2048K)
 Metaspace       used 38464K, committed 38848K, reserved 1114112K
  class space    used 4923K, committed 5120K, reserved 1048576K
}

