# JRE version: OpenJDK Runtime Environment Temurin-17.0.11+9 (17.0.11+9) (build 17.0.11+9)
# Java VM: OpenJDK 64-Bit Server VM Temurin-17.0.11+9 (17.0.11+9, mixed mode, emulated-client, tiered, compressed oops, compressed class ptrs, g1 gc, windows-amd64)
GC Precious Log:
 CPUs: 8 total, 8 available
 Memory: 16323M
 Large Page Support: Disabled
 NUMA Support: Disabled
 Compressed Oops: Enabled (32-bit)
 Heap Region Size: 1M
 Heap Min Capacity: 8M
 Heap Initial Capacity: 256M
 Heap Max Capacity: 1G
 Pre-touch: Disabled
 Parallel Workers: 8
 Concurrent Workers: 2
 Concurrent Refinement Workers: 8
 Periodic GC: Disabled
Heap:
 garbage-first heap   total 86016K, used 37498K [0x00000000c0000000, 0x0000000100000000)
  region size 1024K, 1 young (1024K), 0 survivors (0K)
 Metaspace       used 59655K, committed 60096K, reserved 1114112K
  class space    used 7426K, committed 7616K, reserved 1048576K
GC Heap History (20 events):
Event: 68186.096 GC heap before
{Heap before GC invocations=5765 (full 5739):
 garbage-first heap   total 86016K, used 38522K [0x00000000c0000000, 0x0000000100000000)
  region size 1024K, 2 young (2048K), 0 survivors (0K)
 Metaspace       used 59655K, committed 60096K, reserved 1114112K
  class space    used 7426K, committed 7616K, reserved 1048576K
}
Event: 68186.125 GC heap after
{Heap after GC invocations=5766 (full 5740):
 garbage-first heap   total 86016K, used 37498K [0x00000000c0000000, 0x0000000100000000)
  region size 1024K, 0 young (0K), 0 survivors (0K)
 Metaspace       used 59655K, committed 60096K, reserved 1114112K
  class space    used 7426K, committed 7616K, reserved 1048576K
}
Event: 68196.222 GC heap before
{Heap before GC invocations=5766 (full 5740):
 garbage-first heap   total 86016K, used 37498K [0x00000000c0000000, 0x0000000100000000)
  region size 1024K, 1 young (1024K), 0 survivors (0K)
 Metaspace       used 59655K, committed 60096K, reserved 1114112K
  class space    used 7426K, committed 7616K, reserved 1048576K
}
Event: 68196.251 GC heap after
{Heap after GC invocations=5767 (full 5741):
 garbage-first heap   total 86016K, used 37498K [0x00000000c0000000, 0x0000000100000000)
  region size 1024K, 0 young (0K), 0 survivors (0K)
 Metaspace       used 59655K, committed 60096K, reserved 1114112K
  class space    used 7426K, committed 7616K, reserved 1048576K
}
Event: 68206.299 GC heap before
{Heap before GC invocations=5767 (full 5741):
 garbage-first heap   total 86016K, used 37498K [0x00000000c0000000, 0x0000000100000000)
  region size 1024K, 1 young (1024K), 0 survivors (0K)
 Metaspace       used 59655K, committed 60096K, reserved 1114112K
  class space    used 7426K, committed 7616K, reserved 1048576K
}
Event: 68206.323 GC heap after
{Heap after GC invocations=5768 (full 5742):
 garbage-first heap   total 86016K, used 37498K [0x00000000c0000000, 0x0000000100000000)
  region size 1024K, 0 young (0K), 0 survivors (0K)
 Metaspace       used 59655K, committed 60096K, reserved 1114112K
  class space    used 7426K, committed 7616K, reserved 1048576K
}
Event: 68216.360 GC heap before
{Heap before GC invocations=5768 (full 5742):
 garbage-first heap   total 86016K, used 37498K [0x00000000c0000000, 0x0000000100000000)
  region size 1024K, 1 young (1024K), 0 survivors (0K)
 Metaspace       used 59655K, committed 60096K, reserved 1114112K
  class space    used 7426K, committed 7616K, reserved 1048576K
}
Event: 68216.390 GC heap after
{Heap after GC invocations=5769 (full 5743):
 garbage-first heap   total 86016K, used 37498K [0x00000000c0000000, 0x0000000100000000)
  region size 1024K, 0 young (0K), 0 survivors (0K)
 Metaspace       used 59655K, committed 60096K, reserved 1114112K
  class space    used 7426K, committed 7616K, reserved 1048576K
}
Event: 68226.427 GC heap before
{Heap before GC invocations=5769 (full 5743):
 garbage-first heap   total 86016K, used 37498K [0x00000000c0000000, 0x0000000100000000)
  region size 1024K, 1 young (1024K), 0 survivors (0K)
 Metaspace       used 59655K, committed 60096K, reserved 1114112K
  class space    used 7426K, committed 7616K, reserved 1048576K
}
Event: 68226.450 GC heap after
{Heap after GC invocations=5770 (full 5744):
 garbage-first heap   total 86016K, used 37498K [0x00000000c0000000, 0x0000000100000000)
  region size 1024K, 0 young (0K), 0 survivors (0K)
 Metaspace       used 59655K, committed 60096K, reserved 1114112K
  class space    used 7426K, committed 7616K, reserved 1048576K
}
Event: 68236.537 GC heap before
{Heap before GC invocations=5770 (full 5744):
 garbage-first heap   total 86016K, used 37498K [0x00000000c0000000, 0x0000000100000000)
  region size 1024K, 1 young (1024K), 0 survivors (0K)
 Metaspace       used 59655K, committed 60096K, reserved 1114112K
  class space    used 7426K, committed 7616K, reserved 1048576K
}
Event: 68236.564 GC heap after
{Heap after GC invocations=5771 (full 5745):
 garbage-first heap   total 86016K, used 37498K [0x00000000c0000000, 0x0000000100000000)
  region size 1024K, 0 young (0K), 0 survivors (0K)
 Metaspace       used 59655K, committed 60096K, reserved 1114112K
  class space    used 7426K, committed 7616K, reserved 1048576K
}
Event: 68246.628 GC heap before
{Heap before GC invocations=5771 (full 5745):
 garbage-first heap   total 86016K, used 37498K [0x00000000c0000000, 0x0000000100000000)
  region size 1024K, 1 young (1024K), 0 survivors (0K)
 Metaspace       used 59655K, committed 60096K, reserved 1114112K
  class space    used 7426K, committed 7616K, reserved 1048576K
}
Event: 68246.654 GC heap after
{Heap after GC invocations=5772 (full 5746):
 garbage-first heap   total 86016K, used 37498K [0x00000000c0000000, 0x0000000100000000)
  region size 1024K, 0 young (0K), 0 survivors (0K)
 Metaspace       used 59655K, committed 60096K, reserved 1114112K
  class space    used 7426K, committed 7616K, reserved 1048576K
}
Event: 68256.696 GC heap before
{Heap before GC invocations=5772 (full 5746):
 garbage-first heap   total 86016K, used 37498K [0x00000000c0000000, 0x0000000100000000)
  region size 1024K, 1 young (1024K), 0 survivors (0K)
 Metaspace       used 59655K, committed 60096K, reserved 1114112K
  class space    used 7426K, committed 7616K, reserved 1048576K
}
Event: 68256.723 GC heap after
{Heap after GC invocations=5773 (full 5747):
 garbage-first heap   total 86016K, used 37498K [0x00000000c0000000, 0x0000000100000000)
  region size 1024K, 0 young (0K), 0 survivors (0K)
 Metaspace       used 59655K, committed 60096K, reserved 1114112K
  class space    used 7426K, committed 7616K, reserved 1048576K
}
Event: 68266.770 GC heap before
{Heap before GC invocations=5773 (full 5747):
 garbage-first heap   total 86016K, used 37498K [0x00000000c0000000, 0x0000000100000000)
  region size 1024K, 1 young (1024K), 0 survivors (0K)
 Metaspace       used 59655K, committed 60096K, reserved 1114112K
  class space    used 7426K, committed 7616K, reserved 1048576K
}
Event: 68266.795 GC heap after
{Heap after GC invocations=5774 (full 5748):
 garbage-first heap   total 86016K, used 37498K [0x00000000c0000000, 0x0000000100000000)
  region size 1024K, 0 young (0K), 0 survivors (0K)
 Metaspace       used 59655K, committed 60096K, reserved 1114112K
  class space    used 7426K, committed 7616K, reserved 1048576K
}
Event: 68276.839 GC heap before
{Heap before GC invocations=5774 (full 5748):
 garbage-first heap   total 86016K, used 37498K [0x00000000c0000000, 0x0000000100000000)
  region size 1024K, 1 young (1024K), 0 survivors (0K)
 Metaspace       used 59655K, committed 60096K, reserved 1114112K
  class space    used 7426K, committed 7616K, reserved 1048576K
}
Event: 68276.869 GC heap after
{Heap after GC invocations=5775 (full 5749):
 garbage-first heap   total 86016K, used 37498K [0x00000000c0000000, 0x0000000100000000)
  region size 1024K, 0 young (0K), 0 survivors (0K)
 Metaspace       used 59655K, committed 60096K, reserved 1114112K
  class space    used 7426K, committed 7616K, reserved 1048576K
}

